<?xml version="1.0" encoding="UTF-8"?>
<!-- Generated by org.testng.reporters.JUnitReportReporter -->
<testsuite hostname="DESKTOP-IOIIPVP" failures="0" tests="2" name="tests.AddShippingAddressTest" time="12.327" errors="0" timestamp="2021-12-18T20:47:13 EET" skipped="0">
  <testcase classname="tests.AddShippingAddressTest" name="UserCanReg" time="3.550"/>
  <system-out/>
  <testcase classname="tests.AddShippingAddressTest" name="UserCanAddAddress" time="8.777"/>
  <system-out/>
</testsuite> <!-- tests.AddShippingAddressTest -->
