<?xml version="1.0" encoding="UTF-8"?>
<!-- Generated by org.testng.reporters.JUnitReportReporter -->
<testsuite hostname="DESKTOP-IOIIPVP" failures="0" tests="1" name="tests.AddToCartTest" time="1.141" errors="0" timestamp="2021-11-13T11:21:40 EET" skipped="0">
  <testcase classname="tests.AddToCartTest" name="UserCanAddToCart" time="1.141"/>
  <system-out/>
</testsuite> <!-- tests.AddToCartTest -->
