<?xml version="1.0" encoding="UTF-8"?>
<!-- Generated by org.testng.reporters.JUnitReportReporter -->
<testsuite hostname="DESKTOP-IOIIPVP" failures="0" tests="2" name="tests.AddShippingAddressTest" time="10.603" errors="0" timestamp="2021-12-17T08:26:37 EET" skipped="0">
  <testcase classname="tests.AddShippingAddressTest" name="UserCanReg" time="2.893"/>
  <system-out/>
  <testcase classname="tests.AddShippingAddressTest" name="UserCanAddAddress" time="7.710"/>
  <system-out/>
</testsuite> <!-- tests.AddShippingAddressTest -->
