<?xml version="1.0" encoding="UTF-8"?>
<!-- Generated by org.testng.reporters.JUnitReportReporter -->
<testsuite hostname="DESKTOP-IOIIPVP" failures="0" tests="3" name="tests.TestLogin" time="6.511" errors="0" timestamp="2021-11-12T17:44:39 EET" skipped="0">
  <testcase classname="tests.TestLogin" name="UserCanReg" time="2.831"/>
  <system-out/>
  <testcase classname="tests.TestLogin" name="UserCanLogout" time="1.344"/>
  <system-out/>
  <testcase classname="tests.TestLogin" name="UserCanLogin" time="2.336"/>
  <system-out/>
</testsuite> <!-- tests.TestLogin -->
