<?xml version="1.0" encoding="UTF-8"?>
<!-- Generated by org.testng.reporters.JUnitReportReporter -->
<testsuite hostname="DESKTOP-IOIIPVP" failures="0" tests="2" name="tests.AddShippingAddressTest" time="10.861" errors="0" timestamp="2021-12-17T08:25:01 EET" skipped="0">
  <testcase classname="tests.AddShippingAddressTest" name="UserCanReg" time="3.255"/>
  <system-out/>
  <testcase classname="tests.AddShippingAddressTest" name="UserCanAddAddress" time="7.606"/>
  <system-out/>
</testsuite> <!-- tests.AddShippingAddressTest -->
