<?xml version="1.0" encoding="UTF-8"?>
<!-- Generated by org.testng.reporters.JUnitReportReporter -->
<testsuite hostname="DESKTOP-IOIIPVP" failures="0" tests="1" name="tests.TestRegistration" time="3.144" errors="0" timestamp="2021-11-06T14:11:04 EET" skipped="0">
  <testcase classname="tests.TestRegistration" name="UserCanReg" time="3.144"/>
  <system-out/>
</testsuite> <!-- tests.TestRegistration -->
