<?xml version="1.0" encoding="UTF-8"?>
<!-- Generated by org.testng.reporters.JUnitReportReporter -->
<testsuite hostname="DESKTOP-IOIIPVP" failures="0" tests="2" name="tests.AddShippingAddressTest" time="9.664" errors="0" timestamp="2021-12-10T10:44:25 EET" skipped="0">
  <testcase classname="tests.AddShippingAddressTest" name="UserCanReg" time="3.063"/>
  <system-out/>
  <testcase classname="tests.AddShippingAddressTest" name="UserCanAddAddress" time="6.601"/>
  <system-out/>
</testsuite> <!-- tests.AddShippingAddressTest -->
