<?xml version="1.0" encoding="UTF-8"?>
<!-- Generated by org.testng.reporters.JUnitReportReporter -->
<testsuite hostname="DESKTOP-IOIIPVP" failures="0" tests="2" name="demo.opencart.ForTest" time="4.822" errors="0" timestamp="2021-11-06T12:20:23 EET" skipped="0">
  <testcase classname="demo.opencart.ForTest" name="f" time="3.972"/>
  <system-out/>
  <testcase classname="demo.opencart.ForTest" name="testFileUpload" time="0.850"/>
  <system-out/>
</testsuite> <!-- demo.opencart.ForTest -->
